<?xml version="1.0" encoding="UTF-8"?>
<testng-results ignored="2" total="4" passed="2" failed="0" skipped="0">
  <reporter-output>
  </reporter-output>
  <suite started-at="2022-10-16T11:43:08 IST" name="Suite" finished-at="2022-10-16T11:43:27 IST" duration-ms="19611">
    <groups>
    </groups>
    <test started-at="2022-10-16T11:43:08 IST" name="Test" finished-at="2022-10-16T11:43:27 IST" duration-ms="19611">
      <class name="com.zohocrm.testscript.LeadsModule">
        <test-method is-config="true" signature="openBrowser()[pri:0, instance:com.zohocrm.testscript.LeadsModule@441772e]" started-at="2022-10-16T11:43:08 IST" name="openBrowser" finished-at="2022-10-16T11:43:12 IST" duration-ms="3851" status="PASS">
          <reporter-output>
          </reporter-output>
        </test-method> <!-- openBrowser -->
        <test-method is-config="true" signature="signIn()[pri:0, instance:com.zohocrm.testscript.LeadsModule@441772e]" started-at="2022-10-16T11:43:12 IST" name="signIn" finished-at="2022-10-16T11:43:15 IST" duration-ms="3383" status="PASS">
          <reporter-output>
          </reporter-output>
        </test-method> <!-- signIn -->
        <test-method signature="createLead()[pri:0, instance:com.zohocrm.testscript.LeadsModule@441772e]" started-at="2022-10-16T11:43:15 IST" name="createLead" finished-at="2022-10-16T11:43:20 IST" duration-ms="4919" status="PASS">
          <reporter-output>
          </reporter-output>
        </test-method> <!-- createLead -->
        <test-method is-config="true" signature="logOut()[pri:0, instance:com.zohocrm.testscript.LeadsModule@441772e]" started-at="2022-10-16T11:43:20 IST" name="logOut" finished-at="2022-10-16T11:43:21 IST" duration-ms="572" status="PASS">
          <reporter-output>
          </reporter-output>
        </test-method> <!-- logOut -->
        <test-method is-config="true" signature="closeBrowser()[pri:0, instance:com.zohocrm.testscript.LeadsModule@441772e]" started-at="2022-10-16T11:43:27 IST" name="closeBrowser" finished-at="2022-10-16T11:43:27 IST" duration-ms="407" status="PASS">
          <reporter-output>
          </reporter-output>
        </test-method> <!-- closeBrowser -->
      </class> <!-- com.zohocrm.testscript.LeadsModule -->
      <class name="com.zohocrm.testscript.CampaignsModule">
        <test-method is-config="true" signature="signIn()[pri:0, instance:com.zohocrm.testscript.CampaignsModule@1a451d4d]" started-at="2022-10-16T11:43:21 IST" name="signIn" finished-at="2022-10-16T11:43:22 IST" duration-ms="1195" status="PASS">
          <reporter-output>
          </reporter-output>
        </test-method> <!-- signIn -->
        <test-method signature="createCampaign()[pri:0, instance:com.zohocrm.testscript.CampaignsModule@1a451d4d]" started-at="2022-10-16T11:43:22 IST" name="createCampaign" finished-at="2022-10-16T11:43:26 IST" duration-ms="4559" status="PASS">
          <reporter-output>
          </reporter-output>
        </test-method> <!-- createCampaign -->
        <test-method is-config="true" signature="logOut()[pri:0, instance:com.zohocrm.testscript.CampaignsModule@1a451d4d]" started-at="2022-10-16T11:43:26 IST" name="logOut" finished-at="2022-10-16T11:43:27 IST" duration-ms="640" status="PASS">
          <reporter-output>
          </reporter-output>
        </test-method> <!-- logOut -->
      </class> <!-- com.zohocrm.testscript.CampaignsModule -->
    </test> <!-- Test -->
  </suite> <!-- Suite -->
</testng-results>
