<?xml version="1.0" encoding="UTF-8"?>
<!-- Generated by org.testng.reporters.JUnitXMLReporter -->
<testsuite ignored="2" hostname="DESKTOP-30EK6F0" failures="0" tests="2" name="Test" time="19.611" errors="0" timestamp="2022-10-16T11:43:27 IST">
  <testcase classname="com.zohocrm.testscript.LeadsModule" name="createLead" time="4.919"/>
  <testcase classname="com.zohocrm.testscript.CampaignsModule" name="createCampaign" time="4.559"/>
  <testcase classname="com.zohocrm.generic.BaseClass" name="@BeforeTest openBrowser" time="0.0">
    <ignored/>
  </testcase> <!-- @BeforeTest openBrowser -->
  <testcase classname="com.zohocrm.generic.BaseClass" name="@AfterTest closeBrowser" time="0.0">
    <ignored/>
  </testcase> <!-- @AfterTest closeBrowser -->
</testsuite> <!-- Test -->
